#
# A fatal error has been detected by the Java Runtime Environment:
#
#  EXCEPTION_INVALID_DISPOSITION (0xc0000026) at pc=0x00007ffab293ee2d, pid=6420, tid=14568
#
# JRE version: OpenJDK Runtime Environment Temurin-17.0.3+7 (17.0.3+7) (build 17.0.3+7)
# Java VM: OpenJDK 64-Bit Server VM Temurin-17.0.3+7 (17.0.3+7, mixed mode, tiered, compressed oops, compressed class ptrs, g1 gc, windows-amd64)
# Problematic frame:
# C  [ntdll.dll+0x10ee2d]
#
# No core dump will be written. Minidumps are not enabled by default on client versions of Windows
#
# If you would like to submit a bug report, please visit:
#   https://github.com/adoptium/adoptium-support/issues
#

---------------  S U M M A R Y ------------

Command Line: -Djava.library.path=C:\Users\Hualong\Desktop\Java\Domino\64 bits -Dfile.encoding=UTF-8 -XX:+ShowCodeDetailsInExceptionMessages Dom.main

Host: 11th Gen Intel(R) Core(TM) i3-1115G4 @ 3.00GHz, 4 cores, 7G,  Windows 11 , 64 bit Build 22621 (10.0.22621.1778)
Time: Sun Jul  2 02:33:57 2023 Venezuela Standard Time elapsed time: 0.106604 seconds (0d 0h 0m 0s)

---------------  T H R E A D  ---------------

Current thread (0x00000274739fb310):  JavaThread "main" [_thread_in_vm, id=14568, stack(0x000000e74c700000,0x000000e74c800000)]

Stack: [0x000000e74c700000,0x000000e74c800000],  sp=0x000000e74c7fd790,  free space=1013k
Native frames: (J=compiled Java code, j=interpreted, Vv=VM code, C=native code)
C  [ntdll.dll+0x10ee2d]
C  [ntdll.dll+0xb6db0]
C  [ntdll.dll+0xa2cee]
V  [jvm.dll+0xc7f0]

Java frames: (J=compiled Java code, j=interpreted, Vv=VM code)
j  giovynet.nativelink.SerialPort.getStateSerialPortC(Ljava/lang/String;)Ljava/lang/String;+0
j  Dom.main.main([Ljava/lang/String;)V+63
v  ~StubRoutines::call_stub

siginfo: EXCEPTION_INVALID_DISPOSITION (0xc0000026)


Register to memory mapping:

RIP=0x00007ffab293ee2d ntdll.dll
RAX=0x0 is NULL
RBX=0x0000000000000001 is an unknown value
RCX=0x0 is NULL
RDX=0x0 is NULL
RSP=0x000000e74c7fd790 is pointing into the stack for thread: 0x00000274739fb310
RBP=0x000000e74c7fe290 is pointing into the stack for thread: 0x00000274739fb310
RSI=0x000000e74c7fe970 is pointing into the stack for thread: 0x00000274739fb310
RDI=0x0 is NULL
R8 =0x0 is NULL
R9 =0x0 is NULL
R10=0x0 is NULL
R11=0x000000007e3c6440 is an unknown value
R12=0x0 is NULL
R13=0x000000e74c7fdd90 is pointing into the stack for thread: 0x00000274739fb310
R14=0x0 is NULL
R15=0x000000e74c7fe480 is pointing into the stack for thread: 0x00000274739fb310


Registers:
RAX=0x0000000000000000, RBX=0x0000000000000001, RCX=0x0000000000000000, RDX=0x0000000000000000
RSP=0x000000e74c7fd790, RBP=0x000000e74c7fe290, RSI=0x000000e74c7fe970, RDI=0x0000000000000000
R8 =0x0000000000000000, R9 =0x0000000000000000, R10=0x0000000000000000, R11=0x000000007e3c6440
R12=0x0000000000000000, R13=0x000000e74c7fdd90, R14=0x0000000000000000, R15=0x000000e74c7fe480
RIP=0x00007ffab293ee2d, EFLAGS=0x0000000000000202

Top of Stack: (sp=0x000000e74c7fd790)
0x000000e74c7fd790:   000002747e299998 0000000000000001
0x000000e74c7fd7a0:   000000e74c7fe970 000002747e3cbba8
0x000000e74c7fd7b0:   00000081c0000026 0000000000000000
0x000000e74c7fd7c0:   00007ffab293ee2d 0000027400000000
0x000000e74c7fd7d0:   000000007e259020 000000007e331178
0x000000e74c7fd7e0:   000000007e35c0e0 000000007e3cbc18
0x000000e74c7fd7f0:   000000e74c7fd7e0 000002747e021df9
0x000000e74c7fd800:   000000e77e3c9a88 000002747e133130
0x000000e74c7fd810:   0000000000000000 000000008c700eb0
0x000000e74c7fd820:   000002747e021e40 0000000000000000
0x000000e74c7fd830:   000000e77e3cbb70 000000e77e331108
0x000000e74c7fd840:   000002747e3008b8 000000007e3cbc18
0x000000e74c7fd850:   0000027471bb0150 0000027471bbb080
0x000000e74c7fd860:   0000000000000000 0000000000000000
0x000000e74c7fd870:   00000000000003f4 00007ffab287422a
0x000000e74c7fd880:   00001fa00010000f 0053002b002b0033 

Instructions: (pc=0x00007ffab293ee2d)
0x00007ffab293ed2d:   24 40 11 00 00 00 4c 8d 0d 56 00 00 00 c7 44 24
0x00007ffab293ed3d:   38 04 00 00 00 44 8b c5 83 64 24 30 00 48 83 64
0x00007ffab293ed4d:   24 28 00 48 89 5c 24 20 e8 e2 20 f5 ff 8b f8 85
0x00007ffab293ed5d:   c0 78 05 48 89 1e eb 08 48 8b cb e8 cb fe ff ff
0x00007ffab293ed6d:   48 8b 5c 24 68 8b c7 48 8b 6c 24 70 48 8b 74 24
0x00007ffab293ed7d:   78 48 83 c4 50 5f c3 cc cc cc cc 71 12 51 1a 8d
0x00007ffab293ed8d:   3f f5 86 48 83 ec 28 49 8b 49 10 33 d2 e8 61 00
0x00007ffab293ed9d:   f9 ff 33 c0 48 83 c4 28 c3 cc cc 71 41 5b 3e 15
0x00007ffab293edad:   37 cd ad 40 53 48 83 ec 20 48 8b da 45 33 c0 33
0x00007ffab293edbd:   d2 48 8b 4b 10 e8 f9 fe f8 ff 48 8b cb e8 69 fe
0x00007ffab293edcd:   ff ff 33 c0 87 05 f9 3f 07 00 48 83 c4 20 5b c3
0x00007ffab293eddd:   cc cc cc cc cc cc cc cc cc cc cc 71 4b 55 36 96
0x00007ffab293eded:   2e f5 ff 40 53 48 81 ec 90 05 00 00 48 83 64 24
0x00007ffab293edfd:   28 00 b3 01 83 64 24 38 00 48 83 4c 24 30 ff 89
0x00007ffab293ee0d:   4c 24 20 c7 44 24 24 81 00 00 00 44 8a c3 48 8d
0x00007ffab293ee1d:   94 24 c0 00 00 00 48 8d 4c 24 20 e8 03 49 f9 ff
0x00007ffab293ee2d:   65 48 8b 0c 25 60 00 00 00 80 79 02 00 75 05 80
0x00007ffab293ee3d:   c3 ff 74 d7 8b c8 e8 a8 ff ff ff cc cc cc cc cc
0x00007ffab293ee4d:   cc cc cc cc cc cc cc cc cc cc cc 71 eb 5c 50 b9
0x00007ffab293ee5d:   9f d9 d5 48 89 5c 24 08 33 c0 44 8b c9 49 c1 e1
0x00007ffab293ee6d:   02 44 8b d0 4d 85 c9 74 23 44 8b d8 41 8d 4a 01
0x00007ffab293ee7d:   41 83 c2 02 44 0f b7 04 4a 42 0f b7 0c 5a 4c 33
0x00007ffab293ee8d:   c1 45 8b da 49 03 c0 4d 3b d9 72 e0 48 8b 5c 24
0x00007ffab293ee9d:   08 c3 cc cc cc cc cc cc cc cc cc 71 b3 56 14 ff
0x00007ffab293eead:   3f 34 92 48 8b c4 48 89 58 08 48 89 68 10 48 89
0x00007ffab293eebd:   70 18 48 89 78 20 41 56 48 83 ec 20 4c 8b f1 49
0x00007ffab293eecd:   8b d9 48 83 c1 30 49 8b f8 8b f2 e8 a3 27 f1 ff
0x00007ffab293eedd:   49 83 66 28 00 4c 8b cb 4c 8b c7 8b d6 49 8b ce
0x00007ffab293eeed:   e8 6a 04 00 00 49 83 66 28 00 49 8d 4e 30 8a d8
0x00007ffab293eefd:   e8 9e 7b f1 ff 48 8b 6c 24 38 8a c3 48 8b 5c 24
0x00007ffab293ef0d:   30 48 8b 74 24 40 48 8b 7c 24 48 48 83 c4 20 41
0x00007ffab293ef1d:   5e c3 cc cc cc cc cc cc cc cc cc 71 2a 56 50 74 


Stack slot to memory mapping:
stack at sp + 0 slots: 0x000002747e299998 is pointing into metadata
stack at sp + 1 slots: 0x0000000000000001 is an unknown value
stack at sp + 2 slots: 0x000000e74c7fe970 is pointing into the stack for thread: 0x00000274739fb310
stack at sp + 3 slots: 0x000002747e3cbba8 is pointing into metadata
stack at sp + 4 slots: 0x00000081c0000026 is an unknown value
stack at sp + 5 slots: 0x0 is NULL
stack at sp + 6 slots: 0x00007ffab293ee2d ntdll.dll
stack at sp + 7 slots: 0x0000027400000000 points into unknown readable memory: 0x0000000000000006 | 06 00 00 00 00 00 00 00


---------------  P R O C E S S  ---------------

Threads class SMR info:
_java_thread_list=0x000002747ea636e0, length=12, elements={
0x00000274739fb310, 0x000002747dee6bb0, 0x000002747dee7a80, 0x000002747df38380,
0x000002747e916440, 0x000002747e916d00, 0x000002747e9175c0, 0x000002747e9181b0,
0x000002747e975c30, 0x000002747e911f20, 0x000002747ea8c0b0, 0x000002747eaa2010
}

Java Threads: ( => current thread )
=>0x00000274739fb310 JavaThread "main" [_thread_in_vm, id=14568, stack(0x000000e74c700000,0x000000e74c800000)]
  0x000002747dee6bb0 JavaThread "Reference Handler" daemon [_thread_blocked, id=14676, stack(0x000000e74ce00000,0x000000e74cf00000)]
  0x000002747dee7a80 JavaThread "Finalizer" daemon [_thread_blocked, id=7176, stack(0x000000e74cf00000,0x000000e74d000000)]
  0x000002747df38380 JavaThread "Signal Dispatcher" daemon [_thread_blocked, id=276, stack(0x000000e74d000000,0x000000e74d100000)]
  0x000002747e916440 JavaThread "Attach Listener" daemon [_thread_blocked, id=13992, stack(0x000000e74d100000,0x000000e74d200000)]
  0x000002747e916d00 JavaThread "Service Thread" daemon [_thread_blocked, id=13364, stack(0x000000e74d200000,0x000000e74d300000)]
  0x000002747e9175c0 JavaThread "Monitor Deflation Thread" daemon [_thread_blocked, id=15440, stack(0x000000e74d300000,0x000000e74d400000)]
  0x000002747e9181b0 JavaThread "C2 CompilerThread0" daemon [_thread_blocked, id=5512, stack(0x000000e74d400000,0x000000e74d500000)]
  0x000002747e975c30 JavaThread "C1 CompilerThread0" daemon [_thread_blocked, id=1348, stack(0x000000e74d500000,0x000000e74d600000)]
  0x000002747e911f20 JavaThread "Sweeper thread" daemon [_thread_blocked, id=7704, stack(0x000000e74d600000,0x000000e74d700000)]
  0x000002747ea8c0b0 JavaThread "Notification Thread" daemon [_thread_blocked, id=7528, stack(0x000000e74d700000,0x000000e74d800000)]
  0x000002747eaa2010 JavaThread "Common-Cleaner" daemon [_thread_blocked, id=10420, stack(0x000000e74d900000,0x000000e74da00000)]

Other Threads:
  0x000002747dea6040 VMThread "VM Thread" [stack: 0x000000e74cd00000,0x000000e74ce00000] [id=13024]
  0x0000027473a72090 WatcherThread [stack: 0x000000e74d800000,0x000000e74d900000] [id=7264]
  0x0000027473a52fa0 GCTaskThread "GC Thread#0" [stack: 0x000000e74c800000,0x000000e74c900000] [id=6160]
  0x0000027473a63e60 ConcurrentGCThread "G1 Main Marker" [stack: 0x000000e74c900000,0x000000e74ca00000] [id=8612]
  0x0000027473a64870 ConcurrentGCThread "G1 Conc#0" [stack: 0x000000e74ca00000,0x000000e74cb00000] [id=8028]
  0x000002747dd42090 ConcurrentGCThread "G1 Refine#0" [stack: 0x000000e74cb00000,0x000000e74cc00000] [id=2172]
  0x000002747dd45780 ConcurrentGCThread "G1 Service" [stack: 0x000000e74cc00000,0x000000e74cd00000] [id=7516]

Threads with active compile tasks:

VM state: not at safepoint (normal execution)

VM Mutex/Monitor currently owned by a thread: None

Heap address: 0x0000000084c00000, size: 1972 MB, Compressed Oops mode: 32-bit

CDS archive(s) not mapped
Compressed class space mapped at: 0x0000000100000000-0x0000000140000000, reserved size: 1073741824
Narrow klass base: 0x0000000000000000, Narrow klass shift: 3, Narrow klass range: 0x140000000

GC Precious Log:
 CPUs: 4 total, 4 available
 Memory: 7886M
 Large Page Support: Disabled
 NUMA Support: Disabled
 Compressed Oops: Enabled (32-bit)
 Heap Region Size: 1M
 Heap Min Capacity: 8M
 Heap Initial Capacity: 124M
 Heap Max Capacity: 1972M
 Pre-touch: Disabled
 Parallel Workers: 4
 Concurrent Workers: 1
 Concurrent Refinement Workers: 4
 Periodic GC: Disabled

Heap:
 garbage-first heap   total 126976K, used 1024K [0x0000000084c00000, 0x0000000100000000)
  region size 1024K, 2 young (2048K), 0 survivors (0K)
 Metaspace       used 4627K, committed 4800K, reserved 1056768K
  class space    used 392K, committed 512K, reserved 1048576K

Heap Regions: E=young(eden), S=young(survivor), O=old, HS=humongous(starts), HC=humongous(continues), CS=collection set, F=free, OA=open archive, CA=closed archive, TAMS=top-at-mark-start (previous, next)
|   0|0x0000000084c00000, 0x0000000084c00000, 0x0000000084d00000|  0%| F|  |TAMS 0x0000000084c00000, 0x0000000084c00000| Untracked 
|   1|0x0000000084d00000, 0x0000000084d00000, 0x0000000084e00000|  0%| F|  |TAMS 0x0000000084d00000, 0x0000000084d00000| Untracked 
|   2|0x0000000084e00000, 0x0000000084e00000, 0x0000000084f00000|  0%| F|  |TAMS 0x0000000084e00000, 0x0000000084e00000| Untracked 
|   3|0x0000000084f00000, 0x0000000084f00000, 0x0000000085000000|  0%| F|  |TAMS 0x0000000084f00000, 0x0000000084f00000| Untracked 
|   4|0x0000000085000000, 0x0000000085000000, 0x0000000085100000|  0%| F|  |TAMS 0x0000000085000000, 0x0000000085000000| Untracked 
|   5|0x0000000085100000, 0x0000000085100000, 0x0000000085200000|  0%| F|  |TAMS 0x0000000085100000, 0x0000000085100000| Untracked 
|   6|0x0000000085200000, 0x0000000085200000, 0x0000000085300000|  0%| F|  |TAMS 0x0000000085200000, 0x0000000085200000| Untracked 
|   7|0x0000000085300000, 0x0000000085300000, 0x0000000085400000|  0%| F|  |TAMS 0x0000000085300000, 0x0000000085300000| Untracked 
|   8|0x0000000085400000, 0x0000000085400000, 0x0000000085500000|  0%| F|  |TAMS 0x0000000085400000, 0x0000000085400000| Untracked 
|   9|0x0000000085500000, 0x0000000085500000, 0x0000000085600000|  0%| F|  |TAMS 0x0000000085500000, 0x0000000085500000| Untracked 
|  10|0x0000000085600000, 0x0000000085600000, 0x0000000085700000|  0%| F|  |TAMS 0x0000000085600000, 0x0000000085600000| Untracked 
|  11|0x0000000085700000, 0x0000000085700000, 0x0000000085800000|  0%| F|  |TAMS 0x0000000085700000, 0x0000000085700000| Untracked 
|  12|0x0000000085800000, 0x0000000085800000, 0x0000000085900000|  0%| F|  |TAMS 0x0000000085800000, 0x0000000085800000| Untracked 
|  13|0x0000000085900000, 0x0000000085900000, 0x0000000085a00000|  0%| F|  |TAMS 0x0000000085900000, 0x0000000085900000| Untracked 
|  14|0x0000000085a00000, 0x0000000085a00000, 0x0000000085b00000|  0%| F|  |TAMS 0x0000000085a00000, 0x0000000085a00000| Untracked 
|  15|0x0000000085b00000, 0x0000000085b00000, 0x0000000085c00000|  0%| F|  |TAMS 0x0000000085b00000, 0x0000000085b00000| Untracked 
|  16|0x0000000085c00000, 0x0000000085c00000, 0x0000000085d00000|  0%| F|  |TAMS 0x0000000085c00000, 0x0000000085c00000| Untracked 
|  17|0x0000000085d00000, 0x0000000085d00000, 0x0000000085e00000|  0%| F|  |TAMS 0x0000000085d00000, 0x0000000085d00000| Untracked 
|  18|0x0000000085e00000, 0x0000000085e00000, 0x0000000085f00000|  0%| F|  |TAMS 0x0000000085e00000, 0x0000000085e00000| Untracked 
|  19|0x0000000085f00000, 0x0000000085f00000, 0x0000000086000000|  0%| F|  |TAMS 0x0000000085f00000, 0x0000000085f00000| Untracked 
|  20|0x0000000086000000, 0x0000000086000000, 0x0000000086100000|  0%| F|  |TAMS 0x0000000086000000, 0x0000000086000000| Untracked 
|  21|0x0000000086100000, 0x0000000086100000, 0x0000000086200000|  0%| F|  |TAMS 0x0000000086100000, 0x0000000086100000| Untracked 
|  22|0x0000000086200000, 0x0000000086200000, 0x0000000086300000|  0%| F|  |TAMS 0x0000000086200000, 0x0000000086200000| Untracked 
|  23|0x0000000086300000, 0x0000000086300000, 0x0000000086400000|  0%| F|  |TAMS 0x0000000086300000, 0x0000000086300000| Untracked 
|  24|0x0000000086400000, 0x0000000086400000, 0x0000000086500000|  0%| F|  |TAMS 0x0000000086400000, 0x0000000086400000| Untracked 
|  25|0x0000000086500000, 0x0000000086500000, 0x0000000086600000|  0%| F|  |TAMS 0x0000000086500000, 0x0000000086500000| Untracked 
|  26|0x0000000086600000, 0x0000000086600000, 0x0000000086700000|  0%| F|  |TAMS 0x0000000086600000, 0x0000000086600000| Untracked 
|  27|0x0000000086700000, 0x0000000086700000, 0x0000000086800000|  0%| F|  |TAMS 0x0000000086700000, 0x0000000086700000| Untracked 
|  28|0x0000000086800000, 0x0000000086800000, 0x0000000086900000|  0%| F|  |TAMS 0x0000000086800000, 0x0000000086800000| Untracked 
|  29|0x0000000086900000, 0x0000000086900000, 0x0000000086a00000|  0%| F|  |TAMS 0x0000000086900000, 0x0000000086900000| Untracked 
|  30|0x0000000086a00000, 0x0000000086a00000, 0x0000000086b00000|  0%| F|  |TAMS 0x0000000086a00000, 0x0000000086a00000| Untracked 
|  31|0x0000000086b00000, 0x0000000086b00000, 0x0000000086c00000|  0%| F|  |TAMS 0x0000000086b00000, 0x0000000086b00000| Untracked 
|  32|0x0000000086c00000, 0x0000000086c00000, 0x0000000086d00000|  0%| F|  |TAMS 0x0000000086c00000, 0x0000000086c00000| Untracked 
|  33|0x0000000086d00000, 0x0000000086d00000, 0x0000000086e00000|  0%| F|  |TAMS 0x0000000086d00000, 0x0000000086d00000| Untracked 
|  34|0x0000000086e00000, 0x0000000086e00000, 0x0000000086f00000|  0%| F|  |TAMS 0x0000000086e00000, 0x0000000086e00000| Untracked 
|  35|0x0000000086f00000, 0x0000000086f00000, 0x0000000087000000|  0%| F|  |TAMS 0x0000000086f00000, 0x0000000086f00000| Untracked 
|  36|0x0000000087000000, 0x0000000087000000, 0x0000000087100000|  0%| F|  |TAMS 0x0000000087000000, 0x0000000087000000| Untracked 
|  37|0x0000000087100000, 0x0000000087100000, 0x0000000087200000|  0%| F|  |TAMS 0x0000000087100000, 0x0000000087100000| Untracked 
|  38|0x0000000087200000, 0x0000000087200000, 0x0000000087300000|  0%| F|  |TAMS 0x0000000087200000, 0x0000000087200000| Untracked 
|  39|0x0000000087300000, 0x0000000087300000, 0x0000000087400000|  0%| F|  |TAMS 0x0000000087300000, 0x0000000087300000| Untracked 
|  40|0x0000000087400000, 0x0000000087400000, 0x0000000087500000|  0%| F|  |TAMS 0x0000000087400000, 0x0000000087400000| Untracked 
|  41|0x0000000087500000, 0x0000000087500000, 0x0000000087600000|  0%| F|  |TAMS 0x0000000087500000, 0x0000000087500000| Untracked 
|  42|0x0000000087600000, 0x0000000087600000, 0x0000000087700000|  0%| F|  |TAMS 0x0000000087600000, 0x0000000087600000| Untracked 
|  43|0x0000000087700000, 0x0000000087700000, 0x0000000087800000|  0%| F|  |TAMS 0x0000000087700000, 0x0000000087700000| Untracked 
|  44|0x0000000087800000, 0x0000000087800000, 0x0000000087900000|  0%| F|  |TAMS 0x0000000087800000, 0x0000000087800000| Untracked 
|  45|0x0000000087900000, 0x0000000087900000, 0x0000000087a00000|  0%| F|  |TAMS 0x0000000087900000, 0x0000000087900000| Untracked 
|  46|0x0000000087a00000, 0x0000000087a00000, 0x0000000087b00000|  0%| F|  |TAMS 0x0000000087a00000, 0x0000000087a00000| Untracked 
|  47|0x0000000087b00000, 0x0000000087b00000, 0x0000000087c00000|  0%| F|  |TAMS 0x0000000087b00000, 0x0000000087b00000| Untracked 
|  48|0x0000000087c00000, 0x0000000087c00000, 0x0000000087d00000|  0%| F|  |TAMS 0x0000000087c00000, 0x0000000087c00000| Untracked 
|  49|0x0000000087d00000, 0x0000000087d00000, 0x0000000087e00000|  0%| F|  |TAMS 0x0000000087d00000, 0x0000000087d00000| Untracked 
|  50|0x0000000087e00000, 0x0000000087e00000, 0x0000000087f00000|  0%| F|  |TAMS 0x0000000087e00000, 0x0000000087e00000| Untracked 
|  51|0x0000000087f00000, 0x0000000087f00000, 0x0000000088000000|  0%| F|  |TAMS 0x0000000087f00000, 0x0000000087f00000| Untracked 
|  52|0x0000000088000000, 0x0000000088000000, 0x0000000088100000|  0%| F|  |TAMS 0x0000000088000000, 0x0000000088000000| Untracked 
|  53|0x0000000088100000, 0x0000000088100000, 0x0000000088200000|  0%| F|  |TAMS 0x0000000088100000, 0x0000000088100000| Untracked 
|  54|0x0000000088200000, 0x0000000088200000, 0x0000000088300000|  0%| F|  |TAMS 0x0000000088200000, 0x0000000088200000| Untracked 
|  55|0x0000000088300000, 0x0000000088300000, 0x0000000088400000|  0%| F|  |TAMS 0x0000000088300000, 0x0000000088300000| Untracked 
|  56|0x0000000088400000, 0x0000000088400000, 0x0000000088500000|  0%| F|  |TAMS 0x0000000088400000, 0x0000000088400000| Untracked 
|  57|0x0000000088500000, 0x0000000088500000, 0x0000000088600000|  0%| F|  |TAMS 0x0000000088500000, 0x0000000088500000| Untracked 
|  58|0x0000000088600000, 0x0000000088600000, 0x0000000088700000|  0%| F|  |TAMS 0x0000000088600000, 0x0000000088600000| Untracked 
|  59|0x0000000088700000, 0x0000000088700000, 0x0000000088800000|  0%| F|  |TAMS 0x0000000088700000, 0x0000000088700000| Untracked 
|  60|0x0000000088800000, 0x0000000088800000, 0x0000000088900000|  0%| F|  |TAMS 0x0000000088800000, 0x0000000088800000| Untracked 
|  61|0x0000000088900000, 0x0000000088900000, 0x0000000088a00000|  0%| F|  |TAMS 0x0000000088900000, 0x0000000088900000| Untracked 
|  62|0x0000000088a00000, 0x0000000088a00000, 0x0000000088b00000|  0%| F|  |TAMS 0x0000000088a00000, 0x0000000088a00000| Untracked 
|  63|0x0000000088b00000, 0x0000000088b00000, 0x0000000088c00000|  0%| F|  |TAMS 0x0000000088b00000, 0x0000000088b00000| Untracked 
|  64|0x0000000088c00000, 0x0000000088c00000, 0x0000000088d00000|  0%| F|  |TAMS 0x0000000088c00000, 0x0000000088c00000| Untracked 
|  65|0x0000000088d00000, 0x0000000088d00000, 0x0000000088e00000|  0%| F|  |TAMS 0x0000000088d00000, 0x0000000088d00000| Untracked 
|  66|0x0000000088e00000, 0x0000000088e00000, 0x0000000088f00000|  0%| F|  |TAMS 0x0000000088e00000, 0x0000000088e00000| Untracked 
|  67|0x0000000088f00000, 0x0000000088f00000, 0x0000000089000000|  0%| F|  |TAMS 0x0000000088f00000, 0x0000000088f00000| Untracked 
|  68|0x0000000089000000, 0x0000000089000000, 0x0000000089100000|  0%| F|  |TAMS 0x0000000089000000, 0x0000000089000000| Untracked 
|  69|0x0000000089100000, 0x0000000089100000, 0x0000000089200000|  0%| F|  |TAMS 0x0000000089100000, 0x0000000089100000| Untracked 
|  70|0x0000000089200000, 0x0000000089200000, 0x0000000089300000|  0%| F|  |TAMS 0x0000000089200000, 0x0000000089200000| Untracked 
|  71|0x0000000089300000, 0x0000000089300000, 0x0000000089400000|  0%| F|  |TAMS 0x0000000089300000, 0x0000000089300000| Untracked 
|  72|0x0000000089400000, 0x0000000089400000, 0x0000000089500000|  0%| F|  |TAMS 0x0000000089400000, 0x0000000089400000| Untracked 
|  73|0x0000000089500000, 0x0000000089500000, 0x0000000089600000|  0%| F|  |TAMS 0x0000000089500000, 0x0000000089500000| Untracked 
|  74|0x0000000089600000, 0x0000000089600000, 0x0000000089700000|  0%| F|  |TAMS 0x0000000089600000, 0x0000000089600000| Untracked 
|  75|0x0000000089700000, 0x0000000089700000, 0x0000000089800000|  0%| F|  |TAMS 0x0000000089700000, 0x0000000089700000| Untracked 
|  76|0x0000000089800000, 0x0000000089800000, 0x0000000089900000|  0%| F|  |TAMS 0x0000000089800000, 0x0000000089800000| Untracked 
|  77|0x0000000089900000, 0x0000000089900000, 0x0000000089a00000|  0%| F|  |TAMS 0x0000000089900000, 0x0000000089900000| Untracked 
|  78|0x0000000089a00000, 0x0000000089a00000, 0x0000000089b00000|  0%| F|  |TAMS 0x0000000089a00000, 0x0000000089a00000| Untracked 
|  79|0x0000000089b00000, 0x0000000089b00000, 0x0000000089c00000|  0%| F|  |TAMS 0x0000000089b00000, 0x0000000089b00000| Untracked 
|  80|0x0000000089c00000, 0x0000000089c00000, 0x0000000089d00000|  0%| F|  |TAMS 0x0000000089c00000, 0x0000000089c00000| Untracked 
|  81|0x0000000089d00000, 0x0000000089d00000, 0x0000000089e00000|  0%| F|  |TAMS 0x0000000089d00000, 0x0000000089d00000| Untracked 
|  82|0x0000000089e00000, 0x0000000089e00000, 0x0000000089f00000|  0%| F|  |TAMS 0x0000000089e00000, 0x0000000089e00000| Untracked 
|  83|0x0000000089f00000, 0x0000000089f00000, 0x000000008a000000|  0%| F|  |TAMS 0x0000000089f00000, 0x0000000089f00000| Untracked 
|  84|0x000000008a000000, 0x000000008a000000, 0x000000008a100000|  0%| F|  |TAMS 0x000000008a000000, 0x000000008a000000| Untracked 
|  85|0x000000008a100000, 0x000000008a100000, 0x000000008a200000|  0%| F|  |TAMS 0x000000008a100000, 0x000000008a100000| Untracked 
|  86|0x000000008a200000, 0x000000008a200000, 0x000000008a300000|  0%| F|  |TAMS 0x000000008a200000, 0x000000008a200000| Untracked 
|  87|0x000000008a300000, 0x000000008a300000, 0x000000008a400000|  0%| F|  |TAMS 0x000000008a300000, 0x000000008a300000| Untracked 
|  88|0x000000008a400000, 0x000000008a400000, 0x000000008a500000|  0%| F|  |TAMS 0x000000008a400000, 0x000000008a400000| Untracked 
|  89|0x000000008a500000, 0x000000008a500000, 0x000000008a600000|  0%| F|  |TAMS 0x000000008a500000, 0x000000008a500000| Untracked 
|  90|0x000000008a600000, 0x000000008a600000, 0x000000008a700000|  0%| F|  |TAMS 0x000000008a600000, 0x000000008a600000| Untracked 
|  91|0x000000008a700000, 0x000000008a700000, 0x000000008a800000|  0%| F|  |TAMS 0x000000008a700000, 0x000000008a700000| Untracked 
|  92|0x000000008a800000, 0x000000008a800000, 0x000000008a900000|  0%| F|  |TAMS 0x000000008a800000, 0x000000008a800000| Untracked 
|  93|0x000000008a900000, 0x000000008a900000, 0x000000008aa00000|  0%| F|  |TAMS 0x000000008a900000, 0x000000008a900000| Untracked 
|  94|0x000000008aa00000, 0x000000008aa00000, 0x000000008ab00000|  0%| F|  |TAMS 0x000000008aa00000, 0x000000008aa00000| Untracked 
|  95|0x000000008ab00000, 0x000000008ab00000, 0x000000008ac00000|  0%| F|  |TAMS 0x000000008ab00000, 0x000000008ab00000| Untracked 
|  96|0x000000008ac00000, 0x000000008ac00000, 0x000000008ad00000|  0%| F|  |TAMS 0x000000008ac00000, 0x000000008ac00000| Untracked 
|  97|0x000000008ad00000, 0x000000008ad00000, 0x000000008ae00000|  0%| F|  |TAMS 0x000000008ad00000, 0x000000008ad00000| Untracked 
|  98|0x000000008ae00000, 0x000000008ae00000, 0x000000008af00000|  0%| F|  |TAMS 0x000000008ae00000, 0x000000008ae00000| Untracked 
|  99|0x000000008af00000, 0x000000008af00000, 0x000000008b000000|  0%| F|  |TAMS 0x000000008af00000, 0x000000008af00000| Untracked 
| 100|0x000000008b000000, 0x000000008b000000, 0x000000008b100000|  0%| F|  |TAMS 0x000000008b000000, 0x000000008b000000| Untracked 
| 101|0x000000008b100000, 0x000000008b100000, 0x000000008b200000|  0%| F|  |TAMS 0x000000008b100000, 0x000000008b100000| Untracked 
| 102|0x000000008b200000, 0x000000008b200000, 0x000000008b300000|  0%| F|  |TAMS 0x000000008b200000, 0x000000008b200000| Untracked 
| 103|0x000000008b300000, 0x000000008b300000, 0x000000008b400000|  0%| F|  |TAMS 0x000000008b300000, 0x000000008b300000| Untracked 
| 104|0x000000008b400000, 0x000000008b400000, 0x000000008b500000|  0%| F|  |TAMS 0x000000008b400000, 0x000000008b400000| Untracked 
| 105|0x000000008b500000, 0x000000008b500000, 0x000000008b600000|  0%| F|  |TAMS 0x000000008b500000, 0x000000008b500000| Untracked 
| 106|0x000000008b600000, 0x000000008b600000, 0x000000008b700000|  0%| F|  |TAMS 0x000000008b600000, 0x000000008b600000| Untracked 
| 107|0x000000008b700000, 0x000000008b700000, 0x000000008b800000|  0%| F|  |TAMS 0x000000008b700000, 0x000000008b700000| Untracked 
| 108|0x000000008b800000, 0x000000008b800000, 0x000000008b900000|  0%| F|  |TAMS 0x000000008b800000, 0x000000008b800000| Untracked 
| 109|0x000000008b900000, 0x000000008b900000, 0x000000008ba00000|  0%| F|  |TAMS 0x000000008b900000, 0x000000008b900000| Untracked 
| 110|0x000000008ba00000, 0x000000008ba00000, 0x000000008bb00000|  0%| F|  |TAMS 0x000000008ba00000, 0x000000008ba00000| Untracked 
| 111|0x000000008bb00000, 0x000000008bb00000, 0x000000008bc00000|  0%| F|  |TAMS 0x000000008bb00000, 0x000000008bb00000| Untracked 
| 112|0x000000008bc00000, 0x000000008bc00000, 0x000000008bd00000|  0%| F|  |TAMS 0x000000008bc00000, 0x000000008bc00000| Untracked 
| 113|0x000000008bd00000, 0x000000008bd00000, 0x000000008be00000|  0%| F|  |TAMS 0x000000008bd00000, 0x000000008bd00000| Untracked 
| 114|0x000000008be00000, 0x000000008be00000, 0x000000008bf00000|  0%| F|  |TAMS 0x000000008be00000, 0x000000008be00000| Untracked 
| 115|0x000000008bf00000, 0x000000008bf00000, 0x000000008c000000|  0%| F|  |TAMS 0x000000008bf00000, 0x000000008bf00000| Untracked 
| 116|0x000000008c000000, 0x000000008c000000, 0x000000008c100000|  0%| F|  |TAMS 0x000000008c000000, 0x000000008c000000| Untracked 
| 117|0x000000008c100000, 0x000000008c100000, 0x000000008c200000|  0%| F|  |TAMS 0x000000008c100000, 0x000000008c100000| Untracked 
| 118|0x000000008c200000, 0x000000008c200000, 0x000000008c300000|  0%| F|  |TAMS 0x000000008c200000, 0x000000008c200000| Untracked 
| 119|0x000000008c300000, 0x000000008c300000, 0x000000008c400000|  0%| F|  |TAMS 0x000000008c300000, 0x000000008c300000| Untracked 
| 120|0x000000008c400000, 0x000000008c400000, 0x000000008c500000|  0%| F|  |TAMS 0x000000008c400000, 0x000000008c400000| Untracked 
| 121|0x000000008c500000, 0x000000008c500000, 0x000000008c600000|  0%| F|  |TAMS 0x000000008c500000, 0x000000008c500000| Untracked 
| 122|0x000000008c600000, 0x000000008c6431e0, 0x000000008c700000| 26%| E|  |TAMS 0x000000008c600000, 0x000000008c600000| Complete 
| 123|0x000000008c700000, 0x000000008c800000, 0x000000008c800000|100%| E|CS|TAMS 0x000000008c700000, 0x000000008c700000| Complete 

Card table byte_map: [0x0000027477490000,0x0000027477870000] _byte_map_base: 0x000002747706a000

Marking Bits (Prev, Next): (CMBitMap*) 0x0000027473a535b0, (CMBitMap*) 0x0000027473a535f0
 Prev Bits: [0x0000027477c50000, 0x0000027479b20000)
 Next Bits: [0x0000027479b20000, 0x000002747b9f0000)

Polling page: 0x00000274718d0000

Metaspace:

Usage:
  Non-class:      4.14 MB used.
      Class:    392.74 KB used.
       Both:      4.52 MB used.

Virtual space:
  Non-class space:        8.00 MB reserved,       4.19 MB ( 52%) committed,  1 nodes.
      Class space:        1.00 GB reserved,     512.00 KB ( <1%) committed,  1 nodes.
             Both:        1.01 GB reserved,       4.69 MB ( <1%) committed. 

Chunk freelists:
   Non-Class:  2.97 MB
       Class:  3.55 MB
        Both:  6.52 MB

MaxMetaspaceSize: unlimited
CompressedClassSpaceSize: 1.00 GB
Initial GC threshold: 21.00 MB
Current GC threshold: 21.00 MB
CDS: off
MetaspaceReclaimPolicy: balanced
 - commit_granule_bytes: 65536.
 - commit_granule_words: 8192.
 - virtual_space_node_default_size: 1048576.
 - enlarge_chunks_in_place: 1.
 - new_chunks_are_fully_committed: 0.
 - uncommit_free_chunks: 1.
 - use_allocation_guard: 0.
 - handle_deallocations: 1.


Internal statistics:

num_allocs_failed_limit: 0.
num_arena_births: 4.
num_arena_deaths: 0.
num_vsnodes_births: 2.
num_vsnodes_deaths: 0.
num_space_committed: 75.
num_space_uncommitted: 0.
num_chunks_returned_to_freelist: 0.
num_chunks_taken_from_freelist: 13.
num_chunk_merges: 0.
num_chunk_splits: 4.
num_chunks_enlarged: 4.
num_purges: 0.
num_inconsistent_stats: 0.

CodeHeap 'non-profiled nmethods': size=120000Kb used=13Kb max_used=13Kb free=119986Kb
 bounds [0x0000027407ad0000, 0x0000027407d40000, 0x000002740f000000]
CodeHeap 'profiled nmethods': size=120000Kb used=95Kb max_used=95Kb free=119904Kb
 bounds [0x00000274005a0000, 0x0000027400810000, 0x0000027407ad0000]
CodeHeap 'non-nmethods': size=5760Kb used=1067Kb max_used=1067Kb free=4692Kb
 bounds [0x0000027400000000, 0x0000027400270000, 0x00000274005a0000]
 total_blobs=392 nmethods=76 adapters=229
 compilation: enabled
              stopped_count=0, restarted_count=0
 full_count=0

Compilation events (20 events):
Event: 0.090 Thread 0x000002747e975c30   67       3       java.util.zip.ZipUtils::SH (21 bytes)
Event: 0.090 Thread 0x000002747e975c30 nmethod 67 0x00000274005b4b90 code [0x00000274005b4d20, 0x00000274005b4e78]
Event: 0.092 Thread 0x000002747e975c30   68       3       java.lang.String::<init> (15 bytes)
Event: 0.092 Thread 0x000002747e975c30 nmethod 68 0x00000274005b4f90 code [0x00000274005b5120, 0x00000274005b52d8]
Event: 0.092 Thread 0x000002747e975c30   69       3       java.lang.StringBuilder::append (8 bytes)
Event: 0.092 Thread 0x000002747e975c30 nmethod 69 0x00000274005b5390 code [0x00000274005b5520, 0x00000274005b5668]
Event: 0.092 Thread 0x000002747e975c30   70       3       java.lang.AbstractStringBuilder::append (45 bytes)
Event: 0.092 Thread 0x000002747e975c30 nmethod 70 0x00000274005b5710 code [0x00000274005b58e0, 0x00000274005b5c28]
Event: 0.092 Thread 0x000002747e975c30   71       3       java.lang.AbstractStringBuilder::getCoder (15 bytes)
Event: 0.092 Thread 0x000002747e975c30 nmethod 71 0x00000274005b5d90 code [0x00000274005b5f20, 0x00000274005b6058]
Event: 0.092 Thread 0x000002747e975c30   72       3       java.lang.String::indexOf (29 bytes)
Event: 0.092 Thread 0x000002747e975c30 nmethod 72 0x00000274005b6110 code [0x00000274005b62e0, 0x00000274005b6578]
Event: 0.092 Thread 0x000002747e975c30   73       3       java.lang.StringLatin1::indexOf (36 bytes)
Event: 0.092 Thread 0x000002747e975c30 nmethod 73 0x00000274005b6690 code [0x00000274005b6860, 0x00000274005b6c98]
Event: 0.094 Thread 0x000002747e975c30   74       3       java.lang.String::indexOf (7 bytes)
Event: 0.094 Thread 0x000002747e975c30 nmethod 74 0x00000274005b6e10 code [0x00000274005b6fe0, 0x00000274005b72f8]
Event: 0.094 Thread 0x000002747e975c30   75       3       java.lang.CharacterDataLatin1::getProperties (11 bytes)
Event: 0.094 Thread 0x000002747e975c30 nmethod 75 0x00000274005b7410 code [0x00000274005b75a0, 0x00000274005b76d8]
Event: 0.094 Thread 0x000002747e975c30   76       3       java.lang.StringLatin1::lastIndexOf (40 bytes)
Event: 0.094 Thread 0x000002747e975c30 nmethod 76 0x00000274005b7790 code [0x00000274005b7960, 0x00000274005b7d58]

GC Heap History (0 events):
No events

Deoptimization events (0 events):
No events

Classes unloaded (0 events):
No events

Classes redefined (0 events):
No events

Internal exceptions (0 events):
No events

VM Operations (2 events):
Event: 0.089 Executing VM operation: HandshakeAllThreads
Event: 0.089 Executing VM operation: HandshakeAllThreads done

Events (20 events):
Event: 0.089 loading class java/util/StringTokenizer done
Event: 0.089 loading class jdk/internal/loader/URLClassPath$JarLoader$2
Event: 0.089 loading class jdk/internal/loader/URLClassPath$JarLoader$2 done
Event: 0.089 loading class java/util/ArrayList$Itr
Event: 0.089 loading class java/util/ArrayList$Itr done
Event: 0.089 loading class sun/security/util/ManifestEntryVerifier
Event: 0.090 loading class sun/security/util/ManifestEntryVerifier done
Event: 0.090 loading class java/util/zip/CRC32
Event: 0.090 loading class java/util/zip/Checksum
Event: 0.090 loading class java/util/zip/Checksum done
Event: 0.090 loading class java/util/zip/CRC32 done
Event: 0.090 loading class java/util/zip/Checksum$1
Event: 0.090 loading class java/util/zip/Checksum$1 done
Event: 0.090 Loaded shared library C:\Users\Hualong\.p2\pool\plugins\org.eclipse.justj.openjdk.hotspot.jre.full.win32.x86_64_17.0.3.v20220515-1416\jre\bin\zip.dll
Event: 0.091 Loaded shared library C:\Users\Hualong\.p2\pool\plugins\org.eclipse.justj.openjdk.hotspot.jre.full.win32.x86_64_17.0.3.v20220515-1416\jre\bin\verify.dll
Event: 0.092 loading class java/util/concurrent/ConcurrentHashMap$ForwardingNode
Event: 0.092 loading class java/util/concurrent/ConcurrentHashMap$ForwardingNode done
Event: 0.092 loading class java/lang/UnsatisfiedLinkError
Event: 0.092 loading class java/lang/UnsatisfiedLinkError done
Event: 0.093 Loaded shared library C:\Users\Hualong\Desktop\Java\Domino\64 bits\libSerialPort.dll


Dynamic libraries:
0x00007ff6f12b0000 - 0x00007ff6f12be000 	C:\Users\Hualong\.p2\pool\plugins\org.eclipse.justj.openjdk.hotspot.jre.full.win32.x86_64_17.0.3.v20220515-1416\jre\bin\javaw.exe
0x00007ffab2830000 - 0x00007ffab2a44000 	C:\WINDOWS\SYSTEM32\ntdll.dll
0x00007ffab0800000 - 0x00007ffab08c2000 	C:\WINDOWS\System32\KERNEL32.DLL
0x00007ffaafdd0000 - 0x00007ffab0173000 	C:\WINDOWS\System32\KERNELBASE.dll
0x00007ffab0450000 - 0x00007ffab0561000 	C:\WINDOWS\System32\ucrtbase.dll
0x00007ffa9d150000 - 0x00007ffa9d168000 	C:\Users\Hualong\.p2\pool\plugins\org.eclipse.justj.openjdk.hotspot.jre.full.win32.x86_64_17.0.3.v20220515-1416\jre\bin\jli.dll
0x00007ffa9d130000 - 0x00007ffa9d149000 	C:\Users\Hualong\.p2\pool\plugins\org.eclipse.justj.openjdk.hotspot.jre.full.win32.x86_64_17.0.3.v20220515-1416\jre\bin\VCRUNTIME140.dll
0x00007ffab1830000 - 0x00007ffab19db000 	C:\WINDOWS\System32\USER32.dll
0x00007ffab05e0000 - 0x00007ffab0606000 	C:\WINDOWS\System32\win32u.dll
0x00007ffa97410000 - 0x00007ffa9769e000 	C:\WINDOWS\WinSxS\amd64_microsoft.windows.common-controls_6595b64144ccf1df_6.0.22621.1635_none_270f70857386168e\COMCTL32.dll
0x00007ffab0ee0000 - 0x00007ffab0f09000 	C:\WINDOWS\System32\GDI32.dll
0x00007ffab1e60000 - 0x00007ffab1f07000 	C:\WINDOWS\System32\msvcrt.dll
0x00007ffaafcb0000 - 0x00007ffaafdc9000 	C:\WINDOWS\System32\gdi32full.dll
0x00007ffab0180000 - 0x00007ffab021a000 	C:\WINDOWS\System32\msvcp_win.dll
0x00007ffab2690000 - 0x00007ffab26c1000 	C:\WINDOWS\System32\IMM32.DLL
0x00007ffa9d120000 - 0x00007ffa9d12c000 	C:\Users\Hualong\.p2\pool\plugins\org.eclipse.justj.openjdk.hotspot.jre.full.win32.x86_64_17.0.3.v20220515-1416\jre\bin\vcruntime140_1.dll
0x00007ffa9d080000 - 0x00007ffa9d111000 	C:\Users\Hualong\.p2\pool\plugins\org.eclipse.justj.openjdk.hotspot.jre.full.win32.x86_64_17.0.3.v20220515-1416\jre\bin\msvcp140.dll
0x00007ffa47fb0000 - 0x00007ffa48bf8000 	C:\Users\Hualong\.p2\pool\plugins\org.eclipse.justj.openjdk.hotspot.jre.full.win32.x86_64_17.0.3.v20220515-1416\jre\bin\server\jvm.dll
0x00007ffab20a0000 - 0x00007ffab214e000 	C:\WINDOWS\System32\ADVAPI32.dll
0x00007ffab0f10000 - 0x00007ffab0fb4000 	C:\WINDOWS\System32\sechost.dll
0x00007ffab06c0000 - 0x00007ffab07d7000 	C:\WINDOWS\System32\RPCRT4.dll
0x00007ffab1e50000 - 0x00007ffab1e58000 	C:\WINDOWS\System32\PSAPI.DLL
0x00007ffa8d8d0000 - 0x00007ffa8d8d9000 	C:\WINDOWS\SYSTEM32\WSOCK32.dll
0x00007ffaa51e0000 - 0x00007ffaa5214000 	C:\WINDOWS\SYSTEM32\WINMM.dll
0x00007ffab1c10000 - 0x00007ffab1c81000 	C:\WINDOWS\System32\WS2_32.dll
0x00007ffa9f700000 - 0x00007ffa9f70a000 	C:\WINDOWS\SYSTEM32\VERSION.dll
0x00007ffaaec80000 - 0x00007ffaaec98000 	C:\WINDOWS\SYSTEM32\kernel.appcore.dll
0x00007ffa9e720000 - 0x00007ffa9e72a000 	C:\Users\Hualong\.p2\pool\plugins\org.eclipse.justj.openjdk.hotspot.jre.full.win32.x86_64_17.0.3.v20220515-1416\jre\bin\jimage.dll
0x00007ffaad720000 - 0x00007ffaad94e000 	C:\WINDOWS\SYSTEM32\DBGHELP.DLL
0x00007ffab2150000 - 0x00007ffab24d9000 	C:\WINDOWS\System32\combase.dll
0x00007ffab1f70000 - 0x00007ffab2047000 	C:\WINDOWS\System32\OLEAUT32.dll
0x00007ffa8f4e0000 - 0x00007ffa8f512000 	C:\WINDOWS\SYSTEM32\dbgcore.DLL
0x00007ffaafc30000 - 0x00007ffaafcab000 	C:\WINDOWS\System32\bcryptPrimitives.dll
0x00007ffa87d60000 - 0x00007ffa87d85000 	C:\Users\Hualong\.p2\pool\plugins\org.eclipse.justj.openjdk.hotspot.jre.full.win32.x86_64_17.0.3.v20220515-1416\jre\bin\java.dll
0x00007ffa9b020000 - 0x00007ffa9b038000 	C:\Users\Hualong\.p2\pool\plugins\org.eclipse.justj.openjdk.hotspot.jre.full.win32.x86_64_17.0.3.v20220515-1416\jre\bin\zip.dll
0x00007ffab0fc0000 - 0x00007ffab17ba000 	C:\WINDOWS\System32\SHELL32.dll
0x00007ffaada90000 - 0x00007ffaae35e000 	C:\WINDOWS\SYSTEM32\windows.storage.dll
0x00007ffaad950000 - 0x00007ffaada8e000 	C:\WINDOWS\SYSTEM32\wintypes.dll
0x00007ffab08d0000 - 0x00007ffab09c1000 	C:\WINDOWS\System32\SHCORE.dll
0x00007ffab1f10000 - 0x00007ffab1f6e000 	C:\WINDOWS\System32\shlwapi.dll
0x00007ffaafb60000 - 0x00007ffaafb81000 	C:\WINDOWS\SYSTEM32\profapi.dll
0x00007ffa80120000 - 0x00007ffa80139000 	C:\Users\Hualong\.p2\pool\plugins\org.eclipse.justj.openjdk.hotspot.jre.full.win32.x86_64_17.0.3.v20220515-1416\jre\bin\net.dll
0x00007ffaa7880000 - 0x00007ffaa79b7000 	C:\WINDOWS\SYSTEM32\WINHTTP.dll
0x00007ffaaf0f0000 - 0x00007ffaaf159000 	C:\WINDOWS\system32\mswsock.dll
0x00007ffa80100000 - 0x00007ffa80115000 	C:\Users\Hualong\.p2\pool\plugins\org.eclipse.justj.openjdk.hotspot.jre.full.win32.x86_64_17.0.3.v20220515-1416\jre\bin\nio.dll
0x00007ffa9e6c0000 - 0x00007ffa9e6d0000 	C:\Users\Hualong\.p2\pool\plugins\org.eclipse.justj.openjdk.hotspot.jre.full.win32.x86_64_17.0.3.v20220515-1416\jre\bin\verify.dll
0x000000006be80000 - 0x000000006c351000 	C:\Users\Hualong\Desktop\Java\Domino\64 bits\libSerialPort.dll

dbghelp: loaded successfully - version: 4.0.5 - missing functions: none
symbol engine: initialized successfully - sym options: 0x614 - pdb path: .;C:\Users\Hualong\.p2\pool\plugins\org.eclipse.justj.openjdk.hotspot.jre.full.win32.x86_64_17.0.3.v20220515-1416\jre\bin;C:\WINDOWS\SYSTEM32;C:\WINDOWS\WinSxS\amd64_microsoft.windows.common-controls_6595b64144ccf1df_6.0.22621.1635_none_270f70857386168e;C:\Users\Hualong\.p2\pool\plugins\org.eclipse.justj.openjdk.hotspot.jre.full.win32.x86_64_17.0.3.v20220515-1416\jre\bin\server;C:\Users\Hualong\Desktop\Java\Domino\64 bits

VM Arguments:
jvm_args: -Djava.library.path=C:\Users\Hualong\Desktop\Java\Domino\64 bits -Dfile.encoding=UTF-8 -XX:+ShowCodeDetailsInExceptionMessages 
java_command: Dom.main
java_class_path (initial): C:\Users\Hualong\Desktop\Java\Domino\bin;C:\Users\Hualong\Desktop\Java\Domino\GiovynetDriver.jar
Launcher Type: SUN_STANDARD

[Global flags]
     intx CICompilerCount                          = 3                                         {product} {ergonomic}
     uint ConcGCThreads                            = 1                                         {product} {ergonomic}
     uint G1ConcRefinementThreads                  = 4                                         {product} {ergonomic}
   size_t G1HeapRegionSize                         = 1048576                                   {product} {ergonomic}
    uintx GCDrainStackTargetSize                   = 64                                        {product} {ergonomic}
   size_t InitialHeapSize                          = 130023424                                 {product} {ergonomic}
   size_t MarkStackSize                            = 4194304                                   {product} {ergonomic}
   size_t MaxHeapSize                              = 2067791872                                {product} {ergonomic}
   size_t MaxNewSize                               = 1240465408                                {product} {ergonomic}
   size_t MinHeapDeltaBytes                        = 1048576                                   {product} {ergonomic}
   size_t MinHeapSize                              = 8388608                                   {product} {ergonomic}
    uintx NonNMethodCodeHeapSize                   = 5832780                                {pd product} {ergonomic}
    uintx NonProfiledCodeHeapSize                  = 122912730                              {pd product} {ergonomic}
    uintx ProfiledCodeHeapSize                     = 122912730                              {pd product} {ergonomic}
    uintx ReservedCodeCacheSize                    = 251658240                              {pd product} {ergonomic}
     bool SegmentedCodeCache                       = true                                      {product} {ergonomic}
     bool ShowCodeDetailsInExceptionMessages       = true                                   {manageable} {command line}
   size_t SoftMaxHeapSize                          = 2067791872                             {manageable} {ergonomic}
     bool UseCompressedClassPointers               = true                           {product lp64_product} {ergonomic}
     bool UseCompressedOops                        = true                           {product lp64_product} {ergonomic}
     bool UseG1GC                                  = true                                      {product} {ergonomic}
     bool UseLargePagesIndividualAllocation        = false                                  {pd product} {ergonomic}

Logging:
Log output configuration:
 #0: stdout all=warning uptime,level,tags
 #1: stderr all=off uptime,level,tags

Environment Variables:
PATH=C:/Users/Hualong/.p2/pool/plugins/org.eclipse.justj.openjdk.hotspot.jre.full.win32.x86_64_17.0.3.v20220515-1416/jre/bin/server;C:/Users/Hualong/.p2/pool/plugins/org.eclipse.justj.openjdk.hotspot.jre.full.win32.x86_64_17.0.3.v20220515-1416/jre/bin;C:\WINDOWS\system32;C:\WINDOWS;C:\WINDOWS\System32\Wbem;C:\WINDOWS\System32\WindowsPowerShell\v1.0\;C:\WINDOWS\System32\OpenSSH\;C:\Users\Hualong\AppData\Local\Programs\Python\Python39;C:\Users\Hualong\AppData\Local\Programs\Python\Python39\Scripts;C:\Program Files\MongoDB\Server\6.0\bin;C:\Program Files\nodejs\;C:\Program Files\Git\cmd;C:\Program Files (x86)\Microchip\MPLAB C32 Suite\bin;C:\Users\Hualong\AppData\Local\Programs\Python\Python39\Scripts\;C:\Users\Hualong\AppData\Local\Programs\Python\Python39\;C:\Users\Hualong\AppData\Local\Microsoft\WindowsApps;C:\Users\Hualong\AppData\Roaming\npm;C:\Users\Hualong\AppData\Local\Programs\Microsoft VS Code\bin;C:\Users\Hualong\AppData\Local\GitHubDesktop\bin;C:\ProgramData\Hualong\GitHubDesktop\bin;C:\WINDOWS\System32;
USERNAME=Hualong
OS=Windows_NT
PROCESSOR_IDENTIFIER=Intel64 Family 6 Model 140 Stepping 1, GenuineIntel



---------------  S Y S T E M  ---------------

OS:
 Windows 11 , 64 bit Build 22621 (10.0.22621.1778)
OS uptime: 0 days 16:34 hours

CPU: total 4 (initial active 4) (2 cores per cpu, 2 threads per core) family 6 model 140 stepping 1 microcode 0x86, cx8, cmov, fxsr, ht, mmx, 3dnowpref, sse, sse2, sse3, ssse3, sse4.1, sse4.2, popcnt, lzcnt, tsc, tscinvbit, avx, avx2, aes, erms, clmul, bmi1, bmi2, adx, avx512f, avx512dq, avx512cd, avx512bw, avx512vl, sha, fma, vzeroupper, avx512_vpopcntdq, avx512_vpclmulqdq, avx512_vaes, avx512_vnni, clflush, clflushopt, clwb, avx512_vbmi2, avx512_vbmi

Memory: 4k page, system-wide physical 7886M (1559M free)
TotalPageFile size 10446M (AvailPageFile size 2546M)
current process WorkingSet (physical memory assigned to process): 30M, peak: 30M
current process commit charge ("private bytes"): 190M, peak: 190M

vm_info: OpenJDK 64-Bit Server VM (17.0.3+7) for windows-amd64 JRE (17.0.3+7), built on Apr 19 2022 16:55:35 by "" with MS VC++ 16.7 (VS2019)

END.
